  Alien.cpp
  Elemento.cpp
  Juego.cpp
C:\Users\gabri\source\repos\VideojuegoSpaceInvaders\VideojuegoSpaceInvaders\Juego.cpp(75,20): warning C4267: 'inicializando': conversión de 'size_t' a 'int'; posible pérdida de datos
C:\Users\gabri\source\repos\VideojuegoSpaceInvaders\VideojuegoSpaceInvaders\Juego.cpp(76,12): warning C4244: 'inicializando': conversión de 'int' a 'float'; posible pérdida de datos
C:\Users\gabri\source\repos\VideojuegoSpaceInvaders\VideojuegoSpaceInvaders\Juego.cpp(101,12): warning C4244: 'inicializando': conversión de 'int' a 'float'; posible pérdida de datos
C:\Users\gabri\source\repos\VideojuegoSpaceInvaders\VideojuegoSpaceInvaders\Juego.cpp(102,12): warning C4244: 'inicializando': conversión de 'int' a 'float'; posible pérdida de datos
  JugadorTanque.cpp
C:\Users\gabri\source\repos\VideojuegoSpaceInvaders\VideojuegoSpaceInvaders\JugadorTanque.cpp(6,47): warning C4244: '=': conversión de 'int' a 'float'; posible pérdida de datos
C:\Users\gabri\source\repos\VideojuegoSpaceInvaders\VideojuegoSpaceInvaders\JugadorTanque.cpp(7,33): warning C4244: '=': conversión de 'int' a 'float'; posible pérdida de datos
C:\Users\gabri\source\repos\VideojuegoSpaceInvaders\VideojuegoSpaceInvaders\JugadorTanque.cpp(30,33): warning C4244: '=': conversión de 'int' a 'float'; posible pérdida de datos
  Laser.cpp
C:\Users\gabri\source\repos\VideojuegoSpaceInvaders\VideojuegoSpaceInvaders\Laser.cpp(27,37): warning C4244: 'argumento': conversión de 'float' a 'int'; posible pérdida de datos
C:\Users\gabri\source\repos\VideojuegoSpaceInvaders\VideojuegoSpaceInvaders\Laser.cpp(27,25): warning C4244: 'argumento': conversión de 'float' a 'int'; posible pérdida de datos
  Obstaculo.cpp
  VideojuegoSpaceInvaders.cpp
C:\Users\gabri\source\repos\VideojuegoSpaceInvaders\VideojuegoSpaceInvaders\VideojuegoSpaceInvaders.cpp(10,27): warning C4838: la conversión de 'double' en 'unsigned char' requiere una conversión de restricción
C:\Users\gabri\source\repos\VideojuegoSpaceInvaders\VideojuegoSpaceInvaders\VideojuegoSpaceInvaders.cpp(10,27): warning C4244: 'inicializando': conversión de 'double' a 'unsigned char'; posible pérdida de datos
  bloque.cpp
C:\Users\gabri\source\repos\VideojuegoSpaceInvaders\VideojuegoSpaceInvaders\bloque.cpp(10,36): warning C4244: 'argumento': conversión de 'float' a 'int'; posible pérdida de datos
C:\Users\gabri\source\repos\VideojuegoSpaceInvaders\VideojuegoSpaceInvaders\bloque.cpp(10,24): warning C4244: 'argumento': conversión de 'float' a 'int'; posible pérdida de datos
  Generando código...
  VideojuegoSpaceInvaders.vcxproj -> C:\Users\gabri\source\repos\VideojuegoSpaceInvaders\x64\Debug\VideojuegoSpaceInvaders.exe
  "pwsh.exe" no se reconoce como un comando interno o externo,
  programa o archivo por lotes ejecutable.
